<?xml version="1.0" encoding="UTF-8"?>
<!-- Generated by org.testng.reporters.JUnitReportReporter -->
<testsuite hostname="LAPTOP-P1DAJBT9" failures="0" tests="1" name="ExtentReports.ExtentReports.OrangeLogin" time="11.355" errors="0" timestamp="2022-07-20T11:21:08 IST" skipped="0">
  <testcase classname="ExtentReports.ExtentReports.OrangeLogin" name="loginverification" time="11.355"/>
  <system-out/>
</testsuite> <!-- ExtentReports.ExtentReports.OrangeLogin -->
